[debug] [2020-11-09T19:48:45.540Z] ----------------------------------------------------------------------
[debug] [2020-11-09T19:48:45.543Z] Command:       C:\Program Files\nodejs\node.exe C:\Users\admin\AppData\Roaming\npm\node_modules\firebase-tools\lib\bin\firebase.js deploy
[debug] [2020-11-09T19:48:45.544Z] CLI Version:   8.3.0
[debug] [2020-11-09T19:48:45.544Z] Platform:      win32
[debug] [2020-11-09T19:48:45.544Z] Node Version:  v12.13.1
[debug] [2020-11-09T19:48:45.545Z] Time:          Mon Nov 09 2020 21:48:45 GMT+0200 (GMT+02:00)
[debug] [2020-11-09T19:48:45.546Z] ----------------------------------------------------------------------
[debug] [2020-11-09T19:48:45.546Z] 
[debug] [2020-11-09T19:48:45.558Z] > command requires scopes: ["email","openid","https://www.googleapis.com/auth/cloudplatformprojects.readonly","https://www.googleapis.com/auth/firebase","https://www.googleapis.com/auth/cloud-platform"]
[debug] [2020-11-09T19:48:45.559Z] > authorizing via signed-in user
[debug] [2020-11-09T19:48:45.559Z] [iam] checking project educon-online for permissions ["firebase.projects.get","firebasehosting.sites.update"]
[debug] [2020-11-09T19:48:45.563Z] >>> HTTP REQUEST POST https://cloudresourcemanager.googleapis.com/v1/projects/educon-online:testIamPermissions  
 {"permissions":["firebase.projects.get","firebasehosting.sites.update"]}
[debug] [2020-11-09T19:48:46.436Z] <<< HTTP RESPONSE 200 {"content-type":"application/json; charset=UTF-8","vary":"X-Origin, Referer, Origin,Accept-Encoding","date":"Mon, 09 Nov 2020 19:48:47 GMT","server":"ESF","cache-control":"private","x-xss-protection":"0","x-frame-options":"SAMEORIGIN","x-content-type-options":"nosniff","server-timing":"gfet4t7; dur=754","alt-svc":"h3-Q050=\":443\"; ma=2592000,h3-29=\":443\"; ma=2592000,h3-T051=\":443\"; ma=2592000,h3-T050=\":443\"; ma=2592000,h3-Q046=\":443\"; ma=2592000,h3-Q043=\":443\"; ma=2592000,quic=\":443\"; ma=2592000; v=\"46,43\"","accept-ranges":"none","transfer-encoding":"chunked"}
[debug] [2020-11-09T19:48:46.438Z] >>> HTTP REQUEST GET https://firebase.googleapis.com/v1beta1/projects/educon-online  
 
[debug] [2020-11-09T19:49:07.449Z] Server Error. connect ETIMEDOUT 216.58.211.10:443
[debug] [2020-11-09T19:49:28.459Z] FirebaseError: Server Error. connect ETIMEDOUT 216.58.211.10:443
    at Request._callback (C:\Users\admin\AppData\Roaming\npm\node_modules\firebase-tools\lib\api.js:32:31)
    at self.callback (C:\Users\admin\AppData\Roaming\npm\node_modules\firebase-tools\node_modules\request\request.js:185:22)
    at Request.emit (events.js:210:5)
    at Request.EventEmitter.emit (domain.js:475:20)
    at Request.onRequestError (C:\Users\admin\AppData\Roaming\npm\node_modules\firebase-tools\node_modules\request\request.js:877:8)
    at ClientRequest.emit (events.js:215:7)
    at ClientRequest.EventEmitter.emit (domain.js:475:20)
    at TLSSocket.socketErrorListener (_http_client.js:406:9)
    at TLSSocket.emit (events.js:210:5)
    at TLSSocket.EventEmitter.emit (domain.js:475:20)
    at emitErrorNT (internal/streams/destroy.js:92:8)
    at emitErrorAndCloseNT (internal/streams/destroy.js:60:3)
    at processTicksAndRejections (internal/process/task_queues.js:80:21)
[error] 
[error] Error: Failed to get Firebase project educon-online. Please make sure the project exists and your account has permission to access it.
